[2023-12-14T08:56:20.899Z] [org.springframework.test.context.support.AnnotationConfigContextLoaderUtils] [main] [83] [INFO ] Could not detect default configuration classes for test class [com.example.backend.BackendApplicationTests]: BackendApplicationTests does not declare any static, non-private, non-final, nested classes annotated with @Configuration.
[2023-12-14T08:56:21.038Z] [org.springframework.boot.test.context.SpringBootTestContextBootstrapper] [main] [248] [INFO ] Found @SpringBootConfiguration com.example.backend.BackendApplication for test class com.example.backend.BackendApplicationTests
[2023-12-14T08:56:21.793Z] [org.springframework.boot.StartupInfoLogger] [main] [51] [INFO ] Starting BackendApplicationTests using Java 17.0.9 with PID 19494 (started by kritin in /home/kritin/College/SPE/PlaceIt/backend)
[2023-12-14T08:56:21.796Z] [org.springframework.boot.SpringApplication] [main] [634] [INFO ] No active profile set, falling back to 1 default profile: "default"
[2023-12-14T08:56:23.808Z] [org.springframework.data.repository.config.RepositoryConfigurationDelegate] [main] [138] [INFO ] Bootstrapping Spring Data JPA repositories in DEFAULT mode.
[2023-12-14T08:56:23.906Z] [org.springframework.data.repository.config.RepositoryConfigurationDelegate] [main] [208] [INFO ] Finished Spring Data repository scanning in 88 ms. Found 8 JPA repository interfaces.
[2023-12-14T08:56:24.966Z] [org.hibernate.jpa.internal.util.LogHelper] [main] [31] [INFO ] HHH000204: Processing PersistenceUnitInfo [name: default]
[2023-12-14T08:56:25.090Z] [org.hibernate.Version] [main] [44] [INFO ] HHH000412: Hibernate ORM core version 6.2.6.Final
[2023-12-14T08:56:25.094Z] [org.hibernate.cfg.Environment] [main] [191] [INFO ] HHH000406: Using bytecode reflection optimizer
[2023-12-14T08:56:25.251Z] [org.hibernate.bytecode.internal.BytecodeProviderInitiator] [main] [53] [INFO ] HHH000021: Bytecode provider name : bytebuddy
[2023-12-14T08:56:25.263Z] [org.springframework.orm.jpa.persistenceunit.SpringPersistenceUnitInfo] [main] [87] [INFO ] No LoadTimeWeaver setup: ignoring JPA class transformer
[2023-12-14T08:56:25.287Z] [com.zaxxer.hikari.HikariDataSource] [main] [110] [INFO ] HikariPool-1 - Starting...
[2023-12-14T08:56:25.674Z] [com.zaxxer.hikari.pool.HikariPool] [main] [565] [INFO ] HikariPool-1 - Added connection com.mysql.cj.jdbc.ConnectionImpl@3fecb076
[2023-12-14T08:56:25.677Z] [com.zaxxer.hikari.HikariDataSource] [main] [123] [INFO ] HikariPool-1 - Start completed.
[2023-12-14T08:56:26.005Z] [org.hibernate.bytecode.internal.BytecodeProviderInitiator] [main] [53] [INFO ] HHH000021: Bytecode provider name : bytebuddy
[2023-12-14T08:56:26.487Z] [org.hibernate.engine.transaction.jta.platform.internal.JtaPlatformInitiator] [main] [51] [INFO ] HHH000490: Using JtaPlatform implementation: [org.hibernate.engine.transaction.jta.platform.internal.NoJtaPlatform]
[2023-12-14T08:56:26.694Z] [org.springframework.orm.jpa.AbstractEntityManagerFactoryBean] [main] [437] [INFO ] Initialized JPA EntityManagerFactory for persistence unit 'default'
[2023-12-14T08:56:26.970Z] [org.springframework.data.jpa.repository.query.QueryEnhancerFactory] [main] [47] [INFO ] Hibernate is in classpath; If applicable, HQL parser will be used.
[2023-12-14T08:56:27.891Z] [org.springframework.beans.factory.annotation.AutowiredAnnotationBeanPostProcessor] [main] [553] [INFO ] Autowired annotation is not supported on static fields: private static final org.apache.logging.log4j.Logger com.example.backend.service.JobStageService.logger
[2023-12-14T08:56:27.946Z] [org.springframework.boot.autoconfigure.orm.jpa.JpaBaseConfiguration$JpaWebConfiguration] [main] [231] [WARN ] spring.jpa.open-in-view is enabled by default. Therefore, database queries may be performed during view rendering. Explicitly configure spring.jpa.open-in-view to disable this warning
[2023-12-14T08:56:28.521Z] [org.springframework.boot.actuate.endpoint.web.EndpointLinksResolver] [main] [58] [INFO ] Exposing 1 endpoint(s) beneath base path '/actuator'
[2023-12-14T08:56:28.538Z] [org.springframework.security.web.DefaultSecurityFilterChain] [main] [54] [INFO ] Will secure any request with [org.springframework.security.web.session.DisableEncodeUrlFilter@5a1f4fa4, org.springframework.security.web.context.request.async.WebAsyncManagerIntegrationFilter@5a271f3b, org.springframework.security.web.context.SecurityContextHolderFilter@72c8af69, org.springframework.security.web.header.HeaderWriterFilter@7b4185ea, org.springframework.web.filter.CorsFilter@6291d30, org.springframework.security.web.authentication.logout.LogoutFilter@4d7909bd, com.example.backend.config.JwtAuthenticationFilter@728cef8e, org.springframework.security.web.savedrequest.RequestCacheAwareFilter@59464f08, org.springframework.security.web.servletapi.SecurityContextHolderAwareRequestFilter@6c5fbe8a, org.springframework.security.web.authentication.AnonymousAuthenticationFilter@4518bffd, org.springframework.security.web.session.SessionManagementFilter@7c8c6922, org.springframework.security.web.access.ExceptionTranslationFilter@3b07b706, org.springframework.security.web.access.intercept.AuthorizationFilter@8611b3f]
[2023-12-14T08:56:29.001Z] [org.springframework.boot.StartupInfoLogger] [main] [57] [INFO ] Started BackendApplicationTests in 7.69 seconds (process running for 10.707)
[2023-12-14T08:56:29.191Z] [org.springframework.orm.jpa.AbstractEntityManagerFactoryBean] [SpringApplicationShutdownHook] [650] [INFO ] Closing JPA EntityManagerFactory for persistence unit 'default'
[2023-12-14T08:56:29.203Z] [com.zaxxer.hikari.HikariDataSource] [SpringApplicationShutdownHook] [350] [INFO ] HikariPool-1 - Shutdown initiated...
[2023-12-14T08:56:29.224Z] [com.zaxxer.hikari.HikariDataSource] [SpringApplicationShutdownHook] [352] [INFO ] HikariPool-1 - Shutdown completed.
[2023-12-14 09:01:40,826] [org.springframework.test.context.support.AnnotationConfigContextLoaderUtils] [main] [83] [INFO ] Could not detect default configuration classes for test class [com.example.backend.BackendApplicationTests]: BackendApplicationTests does not declare any static, non-private, non-final, nested classes annotated with @Configuration.
[2023-12-14 09:01:40,905] [org.springframework.boot.test.context.SpringBootTestContextBootstrapper] [main] [248] [INFO ] Found @SpringBootConfiguration com.example.backend.BackendApplication for test class com.example.backend.BackendApplicationTests
[2023-12-14 09:01:41,264] [org.springframework.boot.StartupInfoLogger] [main] [51] [INFO ] Starting BackendApplicationTests using Java 17.0.9 with PID 22655 (started by kritin in /home/kritin/College/SPE/PlaceIt/backend)
[2023-12-14 09:01:41,266] [org.springframework.boot.SpringApplication] [main] [634] [INFO ] No active profile set, falling back to 1 default profile: "default"
[2023-12-14 09:01:42,463] [org.springframework.data.repository.config.RepositoryConfigurationDelegate] [main] [138] [INFO ] Bootstrapping Spring Data JPA repositories in DEFAULT mode.
[2023-12-14 09:01:42,524] [org.springframework.data.repository.config.RepositoryConfigurationDelegate] [main] [208] [INFO ] Finished Spring Data repository scanning in 54 ms. Found 8 JPA repository interfaces.
[2023-12-14 09:01:42,970] [org.hibernate.jpa.internal.util.LogHelper] [main] [31] [INFO ] HHH000204: Processing PersistenceUnitInfo [name: default]
[2023-12-14 09:01:43,007] [org.hibernate.Version] [main] [44] [INFO ] HHH000412: Hibernate ORM core version 6.2.6.Final
[2023-12-14 09:01:43,010] [org.hibernate.cfg.Environment] [main] [191] [INFO ] HHH000406: Using bytecode reflection optimizer
[2023-12-14 09:01:43,110] [org.hibernate.bytecode.internal.BytecodeProviderInitiator] [main] [53] [INFO ] HHH000021: Bytecode provider name : bytebuddy
[2023-12-14 09:01:43,118] [org.springframework.orm.jpa.persistenceunit.SpringPersistenceUnitInfo] [main] [87] [INFO ] No LoadTimeWeaver setup: ignoring JPA class transformer
[2023-12-14 09:01:43,134] [com.zaxxer.hikari.HikariDataSource] [main] [110] [INFO ] HikariPool-1 - Starting...
[2023-12-14 09:01:43,429] [com.zaxxer.hikari.pool.HikariPool] [main] [565] [INFO ] HikariPool-1 - Added connection com.mysql.cj.jdbc.ConnectionImpl@70a54731
[2023-12-14 09:01:43,431] [com.zaxxer.hikari.HikariDataSource] [main] [123] [INFO ] HikariPool-1 - Start completed.
[2023-12-14 09:01:43,760] [org.hibernate.bytecode.internal.BytecodeProviderInitiator] [main] [53] [INFO ] HHH000021: Bytecode provider name : bytebuddy
[2023-12-14 09:01:44,242] [org.hibernate.engine.transaction.jta.platform.internal.JtaPlatformInitiator] [main] [51] [INFO ] HHH000490: Using JtaPlatform implementation: [org.hibernate.engine.transaction.jta.platform.internal.NoJtaPlatform]
[2023-12-14 09:01:44,397] [org.springframework.orm.jpa.AbstractEntityManagerFactoryBean] [main] [437] [INFO ] Initialized JPA EntityManagerFactory for persistence unit 'default'
[2023-12-14 09:01:44,661] [org.springframework.data.jpa.repository.query.QueryEnhancerFactory] [main] [47] [INFO ] Hibernate is in classpath; If applicable, HQL parser will be used.
[2023-12-14 09:01:45,311] [org.springframework.beans.factory.annotation.AutowiredAnnotationBeanPostProcessor] [main] [553] [INFO ] Autowired annotation is not supported on static fields: private static final org.apache.logging.log4j.Logger com.example.backend.service.JobStageService.logger
[2023-12-14 09:01:45,365] [org.springframework.boot.autoconfigure.orm.jpa.JpaBaseConfiguration$JpaWebConfiguration] [main] [231] [WARN ] spring.jpa.open-in-view is enabled by default. Therefore, database queries may be performed during view rendering. Explicitly configure spring.jpa.open-in-view to disable this warning
[2023-12-14 09:01:45,840] [org.springframework.boot.actuate.endpoint.web.EndpointLinksResolver] [main] [58] [INFO ] Exposing 1 endpoint(s) beneath base path '/actuator'
[2023-12-14 09:01:45,856] [org.springframework.security.web.DefaultSecurityFilterChain] [main] [54] [INFO ] Will secure any request with [org.springframework.security.web.session.DisableEncodeUrlFilter@70d3e710, org.springframework.security.web.context.request.async.WebAsyncManagerIntegrationFilter@732d2b59, org.springframework.security.web.context.SecurityContextHolderFilter@60af08b2, org.springframework.security.web.header.HeaderWriterFilter@6d921d6b, org.springframework.web.filter.CorsFilter@1c1e971c, org.springframework.security.web.authentication.logout.LogoutFilter@74a15f4, com.example.backend.config.JwtAuthenticationFilter@522941b2, org.springframework.security.web.savedrequest.RequestCacheAwareFilter@5b1b5daf, org.springframework.security.web.servletapi.SecurityContextHolderAwareRequestFilter@4d542218, org.springframework.security.web.authentication.AnonymousAuthenticationFilter@abce494, org.springframework.security.web.session.SessionManagementFilter@3b5fa30d, org.springframework.security.web.access.ExceptionTranslationFilter@2f7765f1, org.springframework.security.web.access.intercept.AuthorizationFilter@1582dfec]
[2023-12-14 09:01:46,183] [org.springframework.boot.StartupInfoLogger] [main] [57] [INFO ] Started BackendApplicationTests in 5.143 seconds (process running for 7.17)
[2023-12-14 09:01:46,278] [org.springframework.orm.jpa.AbstractEntityManagerFactoryBean] [SpringApplicationShutdownHook] [650] [INFO ] Closing JPA EntityManagerFactory for persistence unit 'default'
[2023-12-14 09:01:46,281] [com.zaxxer.hikari.HikariDataSource] [SpringApplicationShutdownHook] [350] [INFO ] HikariPool-1 - Shutdown initiated...
[2023-12-14 09:01:46,290] [com.zaxxer.hikari.HikariDataSource] [SpringApplicationShutdownHook] [352] [INFO ] HikariPool-1 - Shutdown completed.
